\BOOKMARK [0][-]{section*.6}{Introducci\363n}{}% 1
\BOOKMARK [0][-]{chapter.1}{Preliminares}{}% 2
\BOOKMARK [1][-]{section.1.1}{Definiciones b\341sicas}{chapter.1}% 3
\BOOKMARK [1][-]{section.1.2}{Lenguajes de Dominio Espec\355fico}{chapter.1}% 4
\BOOKMARK [2][-]{subsection.1.2.1}{DSLs internos o externos}{section.1.2}% 5
\BOOKMARK [2][-]{subsection.1.2.2}{Construcci\363n de un DSL}{section.1.2}% 6
\BOOKMARK [1][-]{section.1.3}{\301rbol de Sintaxis Abstracta }{chapter.1}% 7
\BOOKMARK [1][-]{section.1.4}{Common Lisp}{chapter.1}% 8
\BOOKMARK [2][-]{subsection.1.4.1}{Sintaxis}{section.1.4}% 9
\BOOKMARK [2][-]{subsection.1.4.2}{Funciones}{section.1.4}% 10
\BOOKMARK [2][-]{subsection.1.4.3}{Sistema de Objetos}{section.1.4}% 11
\BOOKMARK [2][-]{subsection.1.4.4}{Sistema de Macros}{section.1.4}% 12
\BOOKMARK [0][-]{chapter.2}{Implementaci\363n de un Generador Multilenguaje}{}% 13
\BOOKMARK [1][-]{section.2.1}{BASAR}{chapter.2}% 14
\BOOKMARK [1][-]{section.2.2}{Dominio}{chapter.2}% 15
\BOOKMARK [1][-]{section.2.3}{Lenguaje}{chapter.2}% 16
\BOOKMARK [1][-]{section.2.4}{Nodos del \301rbol de Sintaxis Abstracta}{chapter.2}% 17
\BOOKMARK [1][-]{section.2.5}{Generaci\363n de c\363digo }{chapter.2}% 18
\BOOKMARK [0][-]{chapter.3}{MGA}{}% 19
\BOOKMARK [1][-]{section.3.1}{Generaci\363n Multilenguaje en MGA}{chapter.3}% 20
\BOOKMARK [1][-]{section.3.2}{Definici\363n de los nodos del AST}{chapter.3}% 21
\BOOKMARK [2][-]{subsection.3.2.1}{Construcci\363n de clases sin MGA}{section.3.2}% 22
\BOOKMARK [2][-]{subsection.3.2.2}{Funciones constructoras sin MGA}{section.3.2}% 23
\BOOKMARK [2][-]{subsection.3.2.3}{El macro defnode b\341sico}{section.3.2}% 24
\BOOKMARK [1][-]{section.3.3}{Generaci\363n de c\363digo en MGA}{chapter.3}% 25
\BOOKMARK [2][-]{subsection.3.3.1}{El macro gcode de MGA}{section.3.3}% 26
\BOOKMARK [2][-]{subsection.3.3.2}{Jerarqu\355a de lenguajes}{section.3.3}% 27
\BOOKMARK [0][-]{chapter.4}{Opciones de MGA}{}% 28
\BOOKMARK [1][-]{section.4.1}{Opciones de defnode}{chapter.4}% 29
\BOOKMARK [2][-]{subsection.4.1.1}{Slots}{section.4.1}% 30
\BOOKMARK [2][-]{subsection.4.1.2}{Nombre de una funci\363n constructora}{section.4.1}% 31
\BOOKMARK [2][-]{subsection.4.1.3}{Lambda List de una funci\363n constructora}{section.4.1}% 32
\BOOKMARK [2][-]{subsection.4.1.4}{Cuerpo de una funci\363n constructora}{section.4.1}% 33
\BOOKMARK [1][-]{section.4.2}{Sintaxis de los lenguajes y gcode}{chapter.4}% 34
\BOOKMARK [0][-]{section*.10}{Conclusiones}{}% 35
\BOOKMARK [0][-]{section*.12}{Recomendaciones}{}% 36
\BOOKMARK [0][-]{chapter*.14}{Bibliograf\355a}{}% 37
